<?xml version="1.0" encoding="UTF-8"?>
<testsuite xmlns:xsi="http://www.w3.org/2001/XMLSchema-instance" xsi:noNamespaceSchemaLocation="https://maven.apache.org/surefire/maven-surefire-plugin/xsd/surefire-test-report-3.0.xsd" version="3.0" name="ie.payme.EmployeeTest" time="0.307" tests="5" errors="2" skipped="0" failures="1">
  <properties>
[...]
</properties>
  <testcase name="addEmpolyeeTest" classname="ie.payme.EmployeeTest" time="0.113"/>
  <testcase name="currentEmployeeTest" classname="ie.payme.EmployeeTest" time="0.049">
    <error type="java.lang.NullPointerException"><![CDATA[java.lang.NullPointerException
	at ie.payme.EmployeeTest.currentEmployeeTest(EmployeeTest.java:45)
]]></error>
    <system-out><![CDATA[Testing for Employee payment system
]]></system-out>
  </testcase>
  <testcase name="fireEmployeeTest" classname="ie.payme.EmployeeTest" time="0.004">
    <error type="java.lang.NullPointerException"><![CDATA[java.lang.NullPointerException
	at ie.payme.EmployeeTest.fireEmployeeTest(EmployeeTest.java:39)
]]></error>
    <system-out><![CDATA[Testing for Employee payment system
]]></system-out>
  </testcase>
  <testcase name="addEmpNameTest" classname="ie.payme.EmployeeTest" time="0.012"/>
  <testcase name="addEmpIDTest" classname="ie.payme.EmployeeTest" time="0.008">
    <failure type="org.opentest4j.AssertionFailedError"><![CDATA[org.opentest4j.AssertionFailedError: expected: <001568> but was: <12345>
	at ie.payme.EmployeeTest.addEmpIDTest(EmployeeTest.java:26)
]]></failure>
    <system-out><![CDATA[Testing for Employee payment system
]]></system-out>
  </testcase>
</testsuite>